TN:
SF:/Users/user/Desktop/scenejs/src/Animator.js
FN:6,(anonymous_8)
FN:10,(anonymous_9)
FN:13,(anonymous_10)
FN:47,Animator
FN:205,(anonymous_37)
FN:219,(anonymous_39)
FN:394,(anonymous_51)
FNF:7
FNH:2
FNDA:3,(anonymous_8)
FNDA:0,(anonymous_9)
FNDA:0,(anonymous_10)
FNDA:30,Animator
FNDA:0,(anonymous_37)
FNDA:0,(anonymous_39)
FNDA:0,(anonymous_51)
DA:1,3
DA:2,3
DA:4,3
DA:6,3
DA:7,3
DA:11,0
DA:12,0
DA:13,0
DA:14,0
DA:17,0
DA:18,0
DA:47,90
DA:49,30
DA:50,30
DA:51,30
DA:66,30
DA:69,3
DA:70,1
DA:71,1
DA:73,2
DA:74,2
DA:76,3
DA:79,2
DA:82,2
DA:105,62
DA:106,53
DA:108,9
DA:109,43
DA:110,2
DA:111,2
DA:112,41
DA:113,5
DA:114,5
DA:116,36
DA:119,9
DA:122,1
DA:123,1
DA:126,1
DA:127,1
DA:130,4
DA:131,4
DA:134,4
DA:135,4
DA:138,1
DA:140,1
DA:141,1
DA:146,1
DA:149,1
DA:150,1
DA:153,0
DA:154,0
DA:157,10
DA:158,10
DA:161,16
DA:164,7
DA:167,2
DA:170,0
DA:173,7
DA:176,3
DA:179,3
DA:182,12
DA:183,2
DA:185,10
DA:188,21
DA:189,2
DA:191,19
DA:194,0
DA:195,0
DA:196,0
DA:197,0
DA:199,0
DA:202,0
DA:205,0
DA:206,0
DA:208,0
DA:214,0
DA:215,0
DA:216,0
DA:218,0
DA:219,0
DA:220,0
DA:221,0
DA:227,0
DA:229,0
DA:236,0
DA:241,0
DA:242,0
DA:249,0
DA:254,0
DA:261,0
DA:262,0
DA:263,0
DA:274,1
DA:275,1
DA:277,1
DA:278,0
DA:279,1
DA:280,0
DA:282,1
DA:283,1
DA:293,1
DA:300,1
DA:303,1
DA:305,3
DA:306,1
DA:307,1
DA:308,1
DA:309,1
DA:310,1
DA:311,1
DA:312,1
DA:313,1
DA:315,1
DA:316,0
DA:317,0
DA:319,1
DA:322,1
DA:324,0
DA:325,0
DA:327,0
DA:328,0
DA:330,0
DA:331,0
DA:333,0
DA:334,0
DA:336,0
DA:337,0
DA:341,1
DA:344,1
DA:345,1
DA:347,0
DA:349,0
DA:351,0
DA:352,0
DA:354,0
DA:356,1
DA:357,1
DA:360,0
DA:361,0
DA:363,0
DA:364,0
DA:365,0
DA:366,0
DA:368,0
DA:371,2
DA:374,1
DA:376,1
DA:378,1
DA:380,0
DA:381,0
DA:382,0
DA:383,0
DA:385,0
DA:386,0
DA:387,0
DA:388,0
DA:390,0
DA:391,0
DA:394,0
DA:395,0
LF:160
LH:87
BRDA:7,0,0,3
BRDA:7,0,1,0
BRDA:7,0,2,0
BRDA:7,0,3,0
BRDA:47,1,0,30
BRDA:47,1,1,0
BRDA:69,2,0,1
BRDA:69,2,1,2
BRDA:74,3,0,2
BRDA:74,3,1,2
BRDA:105,4,0,53
BRDA:105,4,1,9
BRDA:109,5,0,2
BRDA:109,5,1,41
BRDA:112,6,0,5
BRDA:112,6,1,36
BRDA:116,7,0,36
BRDA:116,7,1,0
BRDA:140,8,0,1
BRDA:140,8,1,0
BRDA:182,9,0,2
BRDA:182,9,1,10
BRDA:188,10,0,2
BRDA:188,10,1,19
BRDA:194,11,0,0
BRDA:194,11,1,0
BRDA:194,12,0,0
BRDA:194,12,1,0
BRDA:196,13,0,0
BRDA:196,13,1,0
BRDA:215,14,0,0
BRDA:215,14,1,0
BRDA:277,15,0,0
BRDA:277,15,1,1
BRDA:279,16,0,0
BRDA:279,16,1,1
BRDA:310,17,0,0
BRDA:310,17,1,1
BRDA:315,18,0,0
BRDA:315,18,1,1
BRDA:323,19,0,0
BRDA:323,19,1,0
BRDA:323,19,2,0
BRDA:323,19,3,1
BRDA:327,20,0,0
BRDA:327,20,1,0
BRDA:333,21,0,0
BRDA:333,21,1,0
BRDA:342,22,0,0
BRDA:342,22,1,1
BRDA:342,22,2,0
BRDA:344,23,0,1
BRDA:344,23,1,0
BRDA:344,24,0,1
BRDA:344,24,1,1
BRDA:344,24,2,0
BRDA:351,25,0,0
BRDA:351,25,1,0
BRDA:351,26,0,0
BRDA:351,26,1,0
BRDA:360,27,0,0
BRDA:360,27,1,0
BRDA:365,28,0,0
BRDA:365,28,1,0
BRDA:387,29,0,0
BRDA:387,29,1,0
BRDA:390,30,0,0
BRDA:390,30,1,0
BRF:68
BRH:27
end_of_record
TN:
SF:/Users/user/Desktop/scenejs/src/EventTrigger.js
FN:6,EventTrigger
FN:125,(anonymous_10)
FNF:2
FNH:2
FNDA:30,EventTrigger
FNDA:1,(anonymous_10)
DA:1,3
DA:6,30
DA:7,30
DA:23,1
DA:24,1
DA:25,1
DA:27,1
DA:28,0
DA:29,0
DA:31,0
DA:33,1
DA:34,1
DA:37,1
DA:38,0
DA:39,0
DA:41,0
DA:43,1
DA:45,1
DA:47,1
DA:65,0
DA:66,0
DA:67,0
DA:68,0
DA:70,0
DA:72,0
DA:73,0
DA:75,0
DA:77,0
DA:78,0
DA:81,0
DA:98,0
DA:99,0
DA:101,0
DA:116,6
DA:117,3
DA:119,3
DA:120,2
DA:123,1
DA:125,1
DA:126,1
DA:129,1
DA:132,3
LF:42
LH:22
BRDA:27,0,0,0
BRDA:27,0,1,1
BRDA:33,1,0,1
BRDA:33,1,1,0
BRDA:37,2,0,0
BRDA:37,2,1,1
BRDA:65,3,0,0
BRDA:65,3,1,0
BRDA:67,4,0,0
BRDA:67,4,1,0
BRDA:72,5,0,0
BRDA:72,5,1,0
BRDA:77,6,0,0
BRDA:77,6,1,0
BRDA:101,7,0,0
BRDA:101,7,1,0
BRDA:119,8,0,2
BRDA:119,8,1,1
BRF:18
BRH:5
end_of_record
TN:
SF:/Users/user/Desktop/scenejs/src/Frame.js
FN:6,isPropertyObject
FN:10,clone
FN:13,_merge
FN:46,Frame
FN:184,(anonymous_15)
FN:185,(anonymous_16)
FN:188,(anonymous_17)
FNF:7
FNH:7
FNDA:1,isPropertyObject
FNDA:24,clone
FNDA:56,_merge
FNDA:113,Frame
FNDA:39,(anonymous_15)
FNDA:37,(anonymous_16)
FNDA:18,(anonymous_17)
DA:1,4
DA:2,4
DA:3,4
DA:4,4
DA:7,1
DA:10,24
DA:11,24
DA:13,56
DA:14,56
DA:15,85
DA:17,85
DA:18,48
DA:19,6
DA:20,42
DA:21,0
DA:22,42
DA:23,24
DA:25,18
DA:27,48
DA:29,37
DA:31,56
DA:46,113
DA:47,113
DA:48,113
DA:49,339
DA:51,113
DA:63,186
DA:64,0
DA:66,186
DA:67,148
DA:69,148
DA:71,18
DA:72,18
DA:74,130
DA:75,1
DA:76,1
DA:79,129
DA:81,186
DA:92,167
DA:93,89
DA:94,78
DA:95,1
DA:97,77
DA:108,3
DA:109,1
DA:110,2
DA:111,1
DA:113,1
DA:115,3
DA:118,223
DA:120,223
DA:121,1
DA:123,223
DA:155,169
DA:156,169
DA:157,73
DA:158,73
DA:159,96
DA:160,6
DA:161,6
DA:163,6
DA:164,28
DA:166,28
DA:167,6
DA:170,22
DA:172,6
DA:174,90
DA:176,10
DA:178,11
DA:180,10
DA:182,80
DA:183,41
DA:184,39
DA:185,37
DA:187,34
DA:188,15
DA:189,18
DA:191,18
DA:192,18
DA:193,18
DA:194,18
DA:196,15
DA:199,26
DA:200,26
DA:202,39
DA:203,39
DA:214,78
DA:223,7
DA:225,7
DA:227,7
DA:237,9
DA:238,9
DA:240,9
DA:241,1
DA:243,8
DA:245,8
DA:248,6
LF:97
LH:95
BRDA:10,0,0,24
BRDA:10,0,1,0
BRDA:10,1,0,24
BRDA:10,1,1,24
BRDA:13,2,0,48
BRDA:13,2,1,8
BRDA:13,3,0,56
BRDA:13,3,1,48
BRDA:17,4,0,48
BRDA:17,4,1,37
BRDA:18,5,0,6
BRDA:18,5,1,42
BRDA:19,6,0,4
BRDA:19,6,1,2
BRDA:20,7,0,0
BRDA:20,7,1,42
BRDA:22,8,0,24
BRDA:22,8,1,18
BRDA:22,9,0,42
BRDA:22,9,1,24
BRDA:63,10,0,0
BRDA:63,10,1,186
BRDA:63,11,0,186
BRDA:63,11,1,84
BRDA:69,12,0,18
BRDA:69,12,1,130
BRDA:74,13,0,1
BRDA:74,13,1,129
BRDA:74,14,0,130
BRDA:74,14,1,2
BRDA:74,14,2,1
BRDA:92,15,0,89
BRDA:92,15,1,78
BRDA:93,16,0,89
BRDA:93,16,1,88
BRDA:94,17,0,1
BRDA:94,17,1,77
BRDA:108,18,0,1
BRDA:108,18,1,2
BRDA:110,19,0,1
BRDA:110,19,1,1
BRDA:120,20,0,1
BRDA:120,20,1,222
BRDA:123,21,0,91
BRDA:123,21,1,132
BRDA:156,22,0,73
BRDA:156,22,1,96
BRDA:159,23,0,6
BRDA:159,23,1,90
BRDA:166,24,0,6
BRDA:166,24,1,22
BRDA:166,25,0,28
BRDA:166,25,1,22
BRDA:166,25,2,22
BRDA:174,26,0,10
BRDA:174,26,1,80
BRDA:182,27,0,41
BRDA:182,27,1,39
BRDA:183,28,0,34
BRDA:183,28,1,7
BRDA:185,29,0,37
BRDA:185,29,1,18
BRDA:187,30,0,15
BRDA:187,30,1,19
BRDA:194,31,0,7
BRDA:194,31,1,11
BRDA:214,32,0,78
BRDA:214,32,1,78
BRDA:240,33,0,1
BRDA:240,33,1,8
BRF:70
BRH:67
end_of_record
TN:
SF:/Users/user/Desktop/scenejs/src/FrameTimeline.js
FN:5,getType
FN:15,FrameTimeline
FNF:2
FNH:2
FNDA:346,getType
FNDA:27,FrameTimeline
DA:1,2
DA:2,2
DA:3,2
DA:6,346
DA:7,6
DA:8,340
DA:9,0
DA:11,340
DA:15,81
DA:17,27
DA:20,0
DA:22,0
DA:25,84
DA:27,84
DA:28,184
DA:30,84
DA:33,271
DA:34,0
DA:36,271
DA:37,271
DA:39,271
DA:40,813
DA:41,813
DA:43,813
DA:44,346
DA:45,346
DA:46,346
DA:48,346
DA:50,346
DA:53,271
LF:30
LH:26
BRDA:6,0,0,6
BRDA:6,0,1,340
BRDA:8,1,0,0
BRDA:8,1,1,340
BRDA:15,2,0,27
BRDA:15,2,1,0
BRDA:22,3,0,0
BRDA:22,3,1,0
BRDA:22,3,2,0
BRDA:33,4,0,0
BRDA:33,4,1,271
BRDA:40,5,0,813
BRDA:40,5,1,81
BRDA:46,6,0,346
BRDA:46,6,1,6
BRDA:46,6,2,340
BRDA:46,6,3,0
BRDA:46,6,4,340
BRDA:48,7,0,346
BRDA:48,7,1,6
BRDA:48,7,2,340
BRF:21
BRH:14
end_of_record
TN:
SF:/Users/user/Desktop/scenejs/src/PropertyObject.js
FN:20,PropertyObject
FN:94,(anonymous_11)
FN:135,(anonymous_14)
FNF:3
FNH:3
FNDA:58,PropertyObject
FNDA:4,(anonymous_11)
FNDA:87,(anonymous_14)
DA:1,6
DA:20,58
DA:21,58
DA:22,58
DA:23,58
DA:24,58
DA:25,58
DA:26,58
DA:29,58
DA:31,58
DA:32,55
DA:33,222
DA:36,3
DA:38,58
DA:39,0
DA:40,58
DA:41,58
DA:43,0
DA:55,24
DA:68,7
DA:82,0
DA:83,0
DA:94,4
DA:96,2
DA:118,26
DA:133,26
DA:135,87
DA:158,0
DA:159,0
DA:162,0
DA:163,0
DA:165,0
DA:166,0
DA:167,0
DA:169,0
DA:172,0
LF:36
LH:23
BRDA:20,0,0,56
BRDA:20,0,1,2
BRDA:20,1,0,58
BRDA:20,1,1,56
BRDA:31,2,0,55
BRDA:31,2,1,3
BRDA:38,3,0,0
BRDA:38,3,1,58
BRDA:40,4,0,58
BRDA:40,4,1,0
BRDA:94,5,0,0
BRDA:94,5,1,4
BRDA:135,6,0,1
BRDA:135,6,1,86
BRDA:166,7,0,0
BRDA:166,7,1,0
BRF:16
BRH:11
end_of_record
TN:
SF:/Users/user/Desktop/scenejs/src/SceneItem.js
FN:17,getDefaultData
FN:50,SceneItem
FN:69,(anonymous_13)
FN:94,(anonymous_16)
FN:503,(anonymous_36)
FNF:5
FNH:4
FNDA:0,getDefaultData
FNDA:27,SceneItem
FNDA:9,(anonymous_13)
FNDA:8,(anonymous_16)
FNDA:6,(anonymous_36)
DA:1,2
DA:2,2
DA:3,2
DA:11,2
DA:12,2
DA:13,2
DA:14,2
DA:17,0
DA:18,0
DA:20,0
DA:21,0
DA:22,0
DA:23,0
DA:25,0
DA:50,81
DA:52,27
DA:53,27
DA:60,352
DA:63,6
DA:64,6
DA:65,6
DA:66,12
DA:67,6
DA:69,6
DA:70,9
DA:72,9
DA:74,9
DA:76,6
DA:77,6
DA:80,6
DA:92,89
DA:93,89
DA:94,2
DA:95,8
DA:97,2
DA:98,87
DA:99,0
DA:100,0
DA:102,87
DA:104,87
DA:105,87
DA:106,87
DA:109,27
DA:111,27
DA:114,0
DA:116,0
DA:117,0
DA:120,1
DA:121,1
DA:122,1
DA:124,1
DA:125,0
DA:127,1
DA:132,1
DA:135,1
DA:137,1
DA:138,1
DA:147,0
DA:148,0
DA:159,87
DA:160,87
DA:170,71
DA:172,71
DA:173,0
DA:175,71
DA:176,71
DA:177,55
DA:179,71
DA:189,82
DA:190,82
DA:191,82
DA:193,310
DA:194,310
DA:196,310
DA:197,89
DA:198,13
DA:199,13
DA:200,76
DA:201,6
DA:202,70
DA:203,6
DA:206,285
DA:216,238
DA:230,8
DA:240,2
DA:242,2
DA:243,2
DA:245,2
DA:257,0
DA:259,0
DA:260,0
DA:261,0
DA:263,0
DA:265,0
DA:267,0
DA:268,0
DA:270,0
DA:272,0
DA:273,0
DA:285,0
DA:287,0
DA:288,0
DA:289,0
DA:291,0
DA:293,0
DA:295,0
DA:296,0
DA:298,0
DA:300,0
DA:301,0
DA:304,114
DA:305,38
DA:306,38
DA:307,38
DA:310,38
DA:311,38
DA:312,38
DA:313,38
DA:315,38
DA:316,30
DA:317,34
DA:318,34
DA:319,34
DA:320,28
DA:324,38
DA:325,44
DA:326,44
DA:327,44
DA:328,38
DA:331,38
DA:332,38
DA:334,38
DA:335,2
DA:337,36
DA:338,27
DA:340,9
DA:341,0
DA:343,9
DA:344,9
DA:345,9
DA:347,9
DA:359,19
DA:360,19
DA:361,19
DA:362,19
DA:364,19
DA:365,0
DA:368,19
DA:369,19
DA:370,19
DA:372,19
DA:373,0
DA:374,19
DA:375,3
DA:377,19
DA:379,16
DA:380,22
DA:381,5
DA:382,2
DA:384,5
DA:385,17
DA:386,8
DA:387,9
DA:388,0
DA:390,9
DA:391,9
DA:392,9
DA:394,8
DA:397,3
DA:398,3
DA:401,19
DA:424,19
DA:426,19
DA:427,0
DA:429,38
DA:430,19
DA:431,19
DA:433,19
DA:434,57
DA:436,57
DA:437,38
DA:439,38
DA:440,0
DA:442,38
DA:445,19
DA:464,56
DA:465,28
DA:466,28
DA:467,3
DA:469,3
DA:470,7
DA:472,7
DA:474,3
DA:476,25
DA:477,66
DA:478,0
DA:480,66
DA:481,66
DA:483,66
DA:484,0
DA:485,0
DA:487,66
DA:489,25
DA:497,2
DA:498,2
DA:499,2
DA:501,2
DA:502,2
DA:503,6
DA:505,2
LF:210
LH:163
BRDA:17,0,0,0
BRDA:17,0,1,0
BRDA:17,1,0,0
BRDA:17,1,1,0
BRDA:20,2,0,0
BRDA:20,2,1,0
BRDA:22,3,0,0
BRDA:22,3,1,0
BRDA:50,4,0,27
BRDA:50,4,1,0
BRDA:77,5,0,6
BRDA:77,5,1,0
BRDA:93,6,0,2
BRDA:93,6,1,87
BRDA:98,7,0,0
BRDA:98,7,1,87
BRDA:102,8,0,87
BRDA:102,8,1,76
BRDA:111,9,0,27
BRDA:111,9,1,27
BRDA:116,10,0,0
BRDA:116,10,1,0
BRDA:121,11,0,1
BRDA:121,11,1,1
BRDA:124,12,0,0
BRDA:124,12,1,1
BRDA:135,13,0,1
BRDA:135,13,1,0
BRDA:172,14,0,0
BRDA:172,14,1,71
BRDA:176,15,0,55
BRDA:176,15,1,16
BRDA:193,16,0,3
BRDA:193,16,1,307
BRDA:193,17,0,310
BRDA:193,17,1,6
BRDA:194,18,0,310
BRDA:194,18,1,307
BRDA:194,18,2,133
BRDA:196,19,0,89
BRDA:196,19,1,221
BRDA:197,20,0,13
BRDA:197,20,1,76
BRDA:198,21,0,13
BRDA:198,21,1,1
BRDA:200,22,0,6
BRDA:200,22,1,70
BRDA:202,23,0,6
BRDA:202,23,1,64
BRDA:259,24,0,0
BRDA:259,24,1,0
BRDA:267,25,0,0
BRDA:267,25,1,0
BRDA:287,26,0,0
BRDA:287,26,1,0
BRDA:295,27,0,0
BRDA:295,27,1,0
BRDA:304,28,0,38
BRDA:304,28,1,0
BRDA:304,29,0,38
BRDA:304,29,1,38
BRDA:304,30,0,38
BRDA:304,30,1,0
BRDA:304,31,0,38
BRDA:304,31,1,38
BRDA:304,32,0,6
BRDA:304,32,1,32
BRDA:304,33,0,38
BRDA:304,33,1,38
BRDA:315,34,0,30
BRDA:315,34,1,8
BRDA:319,35,0,28
BRDA:319,35,1,6
BRDA:327,36,0,38
BRDA:327,36,1,6
BRDA:331,37,0,38
BRDA:331,37,1,38
BRDA:332,38,0,38
BRDA:332,38,1,38
BRDA:334,39,0,2
BRDA:334,39,1,36
BRDA:337,40,0,27
BRDA:337,40,1,9
BRDA:337,41,0,36
BRDA:337,41,1,36
BRDA:340,42,0,0
BRDA:340,42,1,9
BRDA:345,43,0,9
BRDA:345,43,1,9
BRDA:364,44,0,0
BRDA:364,44,1,19
BRDA:368,45,0,19
BRDA:368,45,1,0
BRDA:372,46,0,0
BRDA:372,46,1,19
BRDA:374,47,0,3
BRDA:374,47,1,16
BRDA:377,48,0,16
BRDA:377,48,1,3
BRDA:380,49,0,5
BRDA:380,49,1,17
BRDA:380,50,0,22
BRDA:380,50,1,13
BRDA:380,50,2,12
BRDA:381,51,0,2
BRDA:381,51,1,3
BRDA:385,52,0,8
BRDA:385,52,1,9
BRDA:387,53,0,0
BRDA:387,53,1,9
BRDA:426,54,0,0
BRDA:426,54,1,19
BRDA:439,55,0,0
BRDA:439,55,1,38
BRDA:464,56,0,26
BRDA:464,56,1,2
BRDA:464,57,0,28
BRDA:464,57,1,28
BRDA:464,58,0,2
BRDA:464,58,1,26
BRDA:464,59,0,28
BRDA:464,59,1,27
BRDA:466,60,0,3
BRDA:466,60,1,25
BRDA:470,61,0,1
BRDA:470,61,1,6
BRDA:477,62,0,0
BRDA:477,62,1,66
BRDA:483,63,0,0
BRDA:483,63,1,66
BRDA:497,64,0,1
BRDA:497,64,1,1
BRDA:497,65,0,2
BRDA:497,65,1,1
BRF:134
BRH:99
end_of_record
TN:
SF:/Users/user/Desktop/scenejs/src/Timeline.js
FN:7,Timeline
FNF:1
FNH:1
FNDA:30,Timeline
DA:1,3
DA:7,30
DA:8,30
DA:9,30
DA:16,379
DA:18,379
DA:25,33
DA:34,93
DA:35,93
DA:36,93
DA:39,93
DA:40,93
DA:41,93
DA:42,93
DA:44,93
DA:46,119
DA:47,0
DA:48,119
DA:49,23
DA:50,23
DA:53,93
DA:54,93
DA:62,12
DA:70,407
DA:78,5
DA:80,5
DA:81,5
DA:82,5
DA:85,5
DA:87,5
DA:88,0
DA:90,5
DA:91,5
LF:33
LH:31
BRDA:18,0,0,78
BRDA:18,0,1,301
BRDA:46,1,0,0
BRDA:46,1,1,119
BRDA:48,2,0,23
BRDA:48,2,1,96
BRDA:87,3,0,0
BRDA:87,3,1,5
BRF:8
BRH:6
end_of_record
TN:
SF:/Users/user/Desktop/scenejs/src/consts.js
FNF:0
FNH:0
DA:1,4
DA:3,4
DA:4,4
DA:5,4
DA:6,4
DA:7,4
DA:8,4
DA:9,4
DA:10,4
DA:11,4
DA:12,4
DA:13,4
DA:15,4
DA:16,4
DA:17,4
LF:15
LH:15
BRF:0
BRH:0
end_of_record
TN:
SF:/Users/user/Desktop/scenejs/src/cubicBezier.js
FN:32,func
FN:1,cubic
FN:7,solveFromX
FNF:3
FNH:0
FNDA:0,func
FNDA:0,cubic
FNDA:0,solveFromX
DA:2,0
DA:5,0
DA:10,0
DA:11,0
DA:12,0
DA:14,0
DA:16,0
DA:17,0
DA:19,0
DA:20,0
DA:22,0
DA:24,0
DA:32,21
DA:33,0
DA:35,0
DA:38,21
DA:39,21
LF:17
LH:3
BRDA:19,0,0,0
BRDA:19,0,1,0
BRF:2
BRH:0
end_of_record
TN:
SF:/Users/user/Desktop/scenejs/src/utils.js
FN:1,isPercent
FN:4,isUndefined
FN:7,isObject
FN:10,isArray
FN:13,isString
FN:16,has
FN:19,splitUnit
FN:33,camelize
FN:34,(anonymous_10)
FN:36,defineGetter
FN:37,(anonymous_12)
FN:41,defineSetter
FN:42,(anonymous_14)
FN:47,defineGetterSetter
FN:51,fill
FNF:15
FNH:7
FNDA:89,isPercent
FNDA:1172,isUndefined
FNDA:839,isObject
FNDA:242,isArray
FNDA:878,isString
FNDA:242,has
FNDA:128,splitUnit
FNDA:0,camelize
FNDA:0,(anonymous_10)
FNDA:0,defineGetter
FNDA:0,(anonymous_12)
FNDA:0,defineSetter
FNDA:0,(anonymous_14)
FNDA:0,defineGetterSetter
FNDA:0,fill
DA:1,8
DA:2,89
DA:4,8
DA:5,1172
DA:7,8
DA:8,839
DA:10,8
DA:11,242
DA:13,8
DA:14,878
DA:16,8
DA:17,242
DA:19,8
DA:20,128
DA:22,128
DA:23,128
DA:24,116
DA:26,116
DA:27,116
DA:29,12
DA:33,8
DA:34,0
DA:36,8
DA:37,0
DA:38,0
DA:41,8
DA:42,0
DA:43,0
DA:44,0
DA:47,8
DA:48,0
DA:49,0
DA:51,8
DA:52,0
DA:54,0
DA:55,0
DA:57,0
LF:37
LH:25
BRDA:8,0,0,18
BRDA:8,0,1,821
BRDA:24,1,0,116
BRDA:24,1,1,116
BRDA:38,2,0,0
BRDA:38,2,1,0
BRDA:43,3,0,0
BRDA:43,3,1,0
BRF:8
BRH:4
end_of_record
TN:
SF:/Users/user/Desktop/scenejs/src/css/Frame.js
FN:4,toInnerProperties
FNF:1
FNH:1
FNDA:10,toInnerProperties
DA:1,2
DA:2,2
DA:5,10
DA:6,0
DA:8,10
DA:10,10
DA:11,10
DA:13,10
DA:22,5
DA:23,5
DA:25,5
DA:27,5
DA:28,10
DA:30,5
DA:31,5
DA:33,5
DA:34,5
DA:36,5
DA:39,5
DA:40,5
DA:42,5
DA:43,14
DA:45,5
LF:23
LH:22
BRDA:5,0,0,0
BRDA:5,0,1,10
BRDA:33,1,0,5
BRDA:33,1,1,5
BRDA:33,1,2,2
BRDA:34,2,0,5
BRDA:34,2,1,5
BRDA:34,2,2,2
BRF:8
BRH:7
end_of_record
TN:
SF:/Users/user/Desktop/scenejs/src/css/SceneItem.js
FN:18,makeId
FN:28,makeAnimationProperties
FN:200,(anonymous_21)
FN:373,(anonymous_25)
FN:374,(anonymous_26)
FN:375,(anonymous_27)
FN:390,(anonymous_28)
FN:393,(anonymous_29)
FNF:8
FNH:3
FNDA:4,makeId
FNDA:1,makeAnimationProperties
FNDA:3,(anonymous_21)
FNDA:0,(anonymous_25)
FNDA:0,(anonymous_26)
FNDA:0,(anonymous_27)
FNDA:0,(anonymous_28)
FNDA:0,(anonymous_29)
DA:1,1
DA:2,1
DA:3,1
DA:4,1
DA:5,1
DA:7,1
DA:19,4
DA:20,4
DA:21,4
DA:23,4
DA:24,4
DA:29,1
DA:31,1
DA:32,7
DA:34,1
DA:43,24
DA:45,24
DA:46,0
DA:48,24
DA:49,24
DA:50,21
DA:52,24
DA:55,5
DA:57,5
DA:58,5
DA:60,5
DA:62,5
DA:63,1
DA:65,4
DA:67,4
DA:68,0
DA:70,4
DA:71,4
DA:73,4
DA:76,0
DA:77,0
DA:79,0
DA:80,0
DA:82,0
DA:84,0
DA:85,0
DA:87,0
DA:88,0
DA:90,0
DA:91,0
DA:93,0
DA:102,1
DA:104,1
DA:105,1
DA:115,3
DA:116,0
DA:118,3
DA:119,0
DA:121,3
DA:123,3
DA:124,3
DA:125,3
DA:136,0
DA:137,0
DA:148,0
DA:149,0
DA:151,0
DA:153,0
DA:154,0
DA:156,0
DA:157,0
DA:158,0
DA:160,0
DA:161,0
DA:163,0
DA:166,14
DA:167,14
DA:168,14
DA:170,14
DA:171,14
DA:173,0
DA:174,0
DA:175,0
DA:176,0
DA:178,0
DA:180,0
DA:182,2
DA:183,1
DA:185,1
DA:186,0
DA:188,1
DA:189,1
DA:190,1
DA:191,1
DA:192,1
DA:193,1
DA:194,1
DA:195,1
DA:197,1
DA:198,1
DA:199,1
DA:200,3
DA:202,1
DA:204,1
DA:205,1
DA:207,1
DA:208,0
DA:210,1
DA:211,0
DA:212,0
DA:213,0
DA:216,1
DA:217,1
DA:218,1
DA:219,1
DA:221,1
DA:223,0
DA:224,0
DA:226,0
DA:227,0
DA:229,0
DA:231,0
DA:232,0
DA:234,0
DA:237,1
DA:238,3
DA:239,3
DA:240,3
DA:241,3
DA:242,3
DA:244,3
DA:245,0
DA:247,3
DA:248,3
DA:249,0
DA:251,0
DA:254,3
DA:257,1
DA:258,0
DA:259,0
DA:263,0
DA:264,0
DA:267,1
DA:279,2
DA:280,1
DA:282,1
DA:283,0
DA:286,1
DA:287,1
DA:288,1
DA:289,1
DA:290,1
DA:292,1
DA:293,1
DA:294,1
DA:297,1
DA:307,1
DA:312,1
DA:314,2
DA:315,1
DA:317,1
DA:318,0
DA:320,1
DA:323,1
DA:325,1
DA:326,0
DA:328,1
DA:350,0
DA:351,0
DA:352,0
DA:354,0
DA:356,0
DA:357,0
DA:359,0
DA:360,0
DA:362,0
DA:363,0
DA:364,0
DA:365,0
DA:367,0
DA:368,0
DA:370,0
DA:371,0
DA:372,0
DA:373,0
DA:374,0
DA:375,0
DA:376,0
DA:381,0
DA:385,0
DA:386,0
DA:388,0
DA:390,0
DA:391,0
DA:393,0
DA:394,0
DA:395,0
DA:397,0
DA:398,0
DA:400,0
DA:401,0
DA:402,0
DA:405,0
DA:406,0
DA:408,0
DA:409,0
DA:411,0
DA:412,0
DA:414,0
DA:415,0
DA:416,0
LF:206
LH:104
BRDA:23,0,0,4
BRDA:23,0,1,0
BRDA:32,1,0,7
BRDA:32,1,1,0
BRDA:45,2,0,0
BRDA:45,2,1,24
BRDA:49,3,0,21
BRDA:49,3,1,3
BRDA:57,4,0,5
BRDA:57,4,1,0
BRDA:60,5,0,5
BRDA:60,5,1,3
BRDA:62,6,0,1
BRDA:62,6,1,4
BRDA:67,7,0,0
BRDA:67,7,1,4
BRDA:76,8,0,0
BRDA:76,8,1,0
BRDA:79,9,0,0
BRDA:79,9,1,0
BRDA:79,10,0,0
BRDA:79,10,1,0
BRDA:84,11,0,0
BRDA:84,11,1,0
BRDA:102,12,0,0
BRDA:102,12,1,1
BRDA:103,13,0,1
BRDA:103,13,1,0
BRDA:115,14,0,0
BRDA:115,14,1,3
BRDA:118,15,0,0
BRDA:118,15,1,3
BRDA:123,16,0,2
BRDA:123,16,1,1
BRDA:124,17,0,3
BRDA:124,17,1,0
BRDA:124,18,0,3
BRDA:124,18,1,0
BRDA:148,19,0,0
BRDA:148,19,1,0
BRDA:148,20,0,0
BRDA:148,20,1,0
BRDA:153,21,0,0
BRDA:153,21,1,0
BRDA:153,22,0,0
BRDA:153,22,1,0
BRDA:166,23,0,14
BRDA:166,23,1,0
BRDA:167,24,0,14
BRDA:167,24,1,0
BRDA:168,25,0,14
BRDA:168,25,1,14
BRDA:170,26,0,14
BRDA:170,26,1,0
BRDA:170,27,0,14
BRDA:170,27,1,14
BRDA:173,28,0,0
BRDA:173,28,1,0
BRDA:175,29,0,0
BRDA:175,29,1,0
BRDA:182,30,0,1
BRDA:182,30,1,0
BRDA:182,31,0,1
BRDA:182,31,1,1
BRDA:182,32,0,1
BRDA:182,32,1,0
BRDA:182,33,0,1
BRDA:182,33,1,1
BRDA:183,34,0,1
BRDA:183,34,1,0
BRDA:185,35,0,0
BRDA:185,35,1,1
BRDA:192,36,0,1
BRDA:192,36,1,0
BRDA:192,36,2,1
BRDA:193,37,0,1
BRDA:193,37,1,0
BRDA:197,38,0,1
BRDA:197,38,1,0
BRDA:198,39,0,1
BRDA:198,39,1,0
BRDA:202,40,0,0
BRDA:202,40,1,1
BRDA:202,41,0,1
BRDA:202,41,1,0
BRDA:207,42,0,0
BRDA:207,42,1,1
BRDA:207,43,0,1
BRDA:207,43,1,1
BRDA:210,44,0,0
BRDA:210,44,1,1
BRDA:212,45,0,0
BRDA:212,45,1,0
BRDA:212,46,0,0
BRDA:212,46,1,0
BRDA:222,47,0,0
BRDA:222,47,1,0
BRDA:222,47,2,0
BRDA:222,47,3,1
BRDA:226,48,0,0
BRDA:226,48,1,0
BRDA:231,49,0,0
BRDA:231,49,1,0
BRDA:238,50,0,0
BRDA:238,50,1,3
BRDA:241,51,0,0
BRDA:241,51,1,3
BRDA:244,52,0,0
BRDA:244,52,1,3
BRDA:247,53,0,3
BRDA:247,53,1,1
BRDA:248,54,0,0
BRDA:248,54,1,3
BRDA:248,55,0,3
BRDA:248,55,1,0
BRDA:249,56,0,0
BRDA:249,56,1,0
BRDA:257,57,0,0
BRDA:257,57,1,1
BRDA:257,58,0,1
BRDA:257,58,1,0
BRDA:260,59,0,0
BRDA:260,59,1,0
BRDA:260,60,0,0
BRDA:260,60,1,0
BRDA:261,61,0,0
BRDA:261,61,1,0
BRDA:263,62,0,0
BRDA:263,62,1,0
BRDA:279,63,0,1
BRDA:279,63,1,0
BRDA:279,64,0,1
BRDA:279,64,1,1
BRDA:279,65,0,1
BRDA:279,65,1,0
BRDA:279,66,0,1
BRDA:279,66,1,1
BRDA:280,67,0,1
BRDA:280,67,1,0
BRDA:282,68,0,0
BRDA:282,68,1,1
BRDA:288,69,0,1
BRDA:288,69,1,1
BRDA:289,70,0,1
BRDA:289,70,1,1
BRDA:289,71,0,1
BRDA:289,71,1,0
BRDA:290,72,0,1
BRDA:290,72,1,1
BRDA:290,72,2,0
BRDA:290,72,3,1
BRDA:292,73,0,1
BRDA:292,73,1,1
BRDA:292,73,2,1
BRDA:293,74,0,1
BRDA:293,74,1,1
BRDA:293,74,2,1
BRDA:294,75,0,1
BRDA:294,75,1,1
BRDA:294,75,2,1
BRDA:314,76,0,0
BRDA:314,76,1,1
BRDA:314,77,0,1
BRDA:314,77,1,0
BRDA:314,78,0,0
BRDA:314,78,1,1
BRDA:314,79,0,1
BRDA:314,79,1,0
BRDA:315,80,0,1
BRDA:315,80,1,1
BRDA:315,80,2,0
BRDA:317,81,0,0
BRDA:317,81,1,1
BRDA:325,82,0,0
BRDA:325,82,1,1
BRDA:350,83,0,0
BRDA:350,83,1,0
BRDA:350,84,0,0
BRDA:350,84,1,0
BRDA:350,85,0,0
BRDA:350,85,1,0
BRDA:350,86,0,0
BRDA:350,86,1,0
BRDA:351,87,0,0
BRDA:351,87,1,0
BRDA:351,88,0,0
BRDA:351,88,1,0
BRDA:356,89,0,0
BRDA:356,89,1,0
BRDA:356,90,0,0
BRDA:356,90,1,0
BRDA:359,91,0,0
BRDA:359,91,1,0
BRDA:363,92,0,0
BRDA:363,92,1,0
BRDA:371,93,0,0
BRDA:371,93,1,0
BRDA:405,94,0,0
BRDA:405,94,1,0
BRDA:408,95,0,0
BRDA:408,95,1,0
BRDA:408,96,0,0
BRDA:408,96,1,0
BRDA:408,96,2,0
BRF:204
BRH:88
end_of_record
TN:
SF:/Users/user/Desktop/scenejs/src/css/consts.js
FN:2,checkProperties
FNF:1
FNH:1
FNDA:6,checkProperties
DA:2,2
DA:3,6
DA:4,6
DA:6,6
DA:7,6
DA:9,0
DA:10,0
DA:12,0
DA:13,0
DA:16,0
DA:19,2
DA:20,2
DA:21,2
DA:22,2
DA:23,2
LF:15
LH:10
BRDA:3,0,0,6
BRDA:3,0,1,0
BRDA:6,1,0,6
BRDA:6,1,1,0
BRDA:12,2,0,0
BRDA:12,2,1,0
BRF:6
BRH:2
end_of_record
TN:
SF:/Users/user/Desktop/scenejs/src/css/utils.js
FN:1,convertCrossBrowserCSSObject
FN:13,convertCrossBrowserCSSArray
FN:27,toId
FN:31,hasClass
FN:38,addClass
FN:46,removeClass
FNF:6
FNH:1
FNDA:0,convertCrossBrowserCSSObject
FNDA:0,convertCrossBrowserCSSArray
FNDA:9,toId
FNDA:0,hasClass
FNDA:0,addClass
FNDA:0,removeClass
DA:1,1
DA:2,0
DA:3,0
DA:5,0
DA:6,0
DA:7,0
DA:8,0
DA:9,0
DA:10,0
DA:13,1
DA:14,0
DA:15,0
DA:17,0
DA:24,0
DA:27,1
DA:28,9
DA:31,1
DA:32,0
DA:33,0
DA:35,0
DA:38,1
DA:39,0
DA:40,0
DA:42,0
DA:46,1
DA:47,0
DA:48,0
DA:50,0
DA:52,0
LF:29
LH:7
BRDA:2,0,0,0
BRDA:2,0,1,0
BRDA:14,1,0,0
BRDA:14,1,1,0
BRDA:32,2,0,0
BRDA:32,2,1,0
BRDA:39,3,0,0
BRDA:39,3,1,0
BRDA:47,4,0,0
BRDA:47,4,1,0
BRF:10
BRH:0
end_of_record
TN:
SF:/Users/user/Desktop/scenejs/src/utils/color.js
FN:17,cutHex
FN:32,hexToRGB
FN:55,hex3to6
FN:73,hslToRGB
FNF:4
FNH:0
FNDA:0,cutHex
FNDA:0,hexToRGB
FNDA:0,hex3to6
FNDA:0,hslToRGB
DA:5,6
DA:17,6
DA:18,0
DA:32,6
DA:33,0
DA:34,0
DA:35,0
DA:36,0
DA:37,0
DA:39,0
DA:40,0
DA:42,0
DA:55,6
DA:56,0
DA:57,0
DA:58,0
DA:59,0
DA:61,0
DA:73,6
DA:74,0
DA:75,0
DA:76,0
DA:78,0
DA:79,0
DA:81,0
DA:83,0
DA:84,0
DA:85,0
DA:86,0
DA:88,0
DA:89,0
DA:90,0
DA:91,0
DA:92,0
DA:93,0
DA:94,0
DA:95,0
DA:96,0
DA:97,0
DA:98,0
DA:99,0
DA:101,0
DA:107,0
DA:108,0
DA:110,0
LF:45
LH:5
BRDA:18,0,0,0
BRDA:18,0,1,0
BRDA:39,1,0,0
BRDA:39,1,1,0
BRDA:78,2,0,0
BRDA:78,2,1,0
BRDA:88,3,0,0
BRDA:88,3,1,0
BRDA:90,4,0,0
BRDA:90,4,1,0
BRDA:92,5,0,0
BRDA:92,5,1,0
BRDA:94,6,0,0
BRDA:94,6,1,0
BRDA:96,7,0,0
BRDA:96,7,1,0
BRDA:98,8,0,0
BRDA:98,8,1,0
BRDA:107,9,0,0
BRDA:107,9,1,0
BRF:20
BRH:0
end_of_record
TN:
SF:/Users/user/Desktop/scenejs/src/utils/dot.js
FN:25,dotArray
FN:34,(anonymous_2)
FN:59,dotColor
FN:116,dotObject
FN:152,dot
FN:184,dotValue
FNF:6
FNH:6
FNDA:18,dotArray
FNDA:57,(anonymous_2)
FNDA:10,dotColor
FNDA:3,dotObject
FNDA:64,dot
FNDA:9,dotValue
DA:6,3
DA:7,3
DA:8,3
DA:10,3
DA:25,3
DA:26,18
DA:27,1
DA:29,17
DA:30,2
DA:32,15
DA:34,15
DA:35,57
DA:36,2
DA:38,55
DA:59,3
DA:60,10
DA:61,10
DA:64,10
DA:65,8
DA:67,10
DA:68,4
DA:70,10
DA:71,10
DA:73,10
DA:74,10
DA:76,10
DA:78,0
DA:80,10
DA:81,1
DA:83,10
DA:84,1
DA:86,10
DA:87,10
DA:89,10
DA:90,30
DA:92,10
DA:99,10
DA:116,3
DA:117,3
DA:119,3
DA:120,1
DA:122,2
DA:123,2
DA:125,2
DA:126,0
DA:128,2
DA:130,2
DA:152,3
DA:154,64
DA:155,0
DA:156,64
DA:157,0
DA:160,64
DA:161,0
DA:164,64
DA:165,64
DA:166,64
DA:167,64
DA:168,64
DA:171,64
DA:172,6
DA:174,58
DA:176,58
DA:178,58
DA:179,58
DA:181,0
DA:184,3
DA:192,72
DA:193,9
DA:194,9
DA:196,0
DA:197,0
DA:198,0
DA:199,0
DA:201,0
LF:75
LH:64
BRDA:26,0,0,1
BRDA:26,0,1,17
BRDA:29,1,0,2
BRDA:29,1,1,15
BRDA:35,2,0,2
BRDA:35,2,1,55
BRDA:64,3,0,8
BRDA:64,3,1,2
BRDA:67,4,0,4
BRDA:67,4,1,6
BRDA:76,5,0,0
BRDA:76,5,1,10
BRDA:80,6,0,1
BRDA:80,6,1,9
BRDA:83,7,0,1
BRDA:83,7,1,9
BRDA:119,8,0,1
BRDA:119,8,1,2
BRDA:125,9,0,0
BRDA:125,9,1,2
BRDA:132,10,0,2
BRDA:132,10,1,0
BRDA:133,11,0,2
BRDA:133,11,1,2
BRDA:134,12,0,2
BRDA:134,12,1,2
BRDA:135,13,0,2
BRDA:135,13,1,2
BRDA:154,14,0,0
BRDA:154,14,1,64
BRDA:156,15,0,0
BRDA:156,15,1,64
BRDA:160,16,0,0
BRDA:160,16,1,64
BRDA:171,17,0,6
BRDA:171,17,1,58
BRDA:171,18,0,64
BRDA:171,18,1,58
BRDA:172,19,0,0
BRDA:172,19,1,6
BRDA:176,20,0,58
BRDA:176,20,1,58
BRDA:176,20,2,58
BRDA:178,21,0,58
BRDA:178,21,1,0
BRDA:188,22,0,0
BRDA:188,22,1,9
BRDA:189,23,0,0
BRDA:189,23,1,9
BRDA:193,24,0,9
BRDA:193,24,1,0
BRDA:193,25,0,9
BRDA:193,25,1,0
BRF:53
BRH:41
end_of_record
TN:
SF:/Users/user/Desktop/scenejs/src/utils/property.js
FN:25,splitSpace
FN:59,splitComma
FN:93,arrayToColorObject
FN:127,toColorObject
FN:188,toBracketObject
FN:214,(anonymous_6)
FN:226,arrayToPropertyObject
FN:244,stringToColorObject
FN:277,toPropertyObject
FN:288,(anonymous_10)
FN:294,(anonymous_11)
FNF:11
FNH:9
FNDA:268,splitSpace
FNDA:271,splitComma
FNDA:11,arrayToColorObject
FNDA:31,toColorObject
FNDA:37,toBracketObject
FNDA:94,(anonymous_6)
FNDA:0,arrayToPropertyObject
FNDA:17,stringToColorObject
FNDA:234,toPropertyObject
FNDA:0,(anonymous_10)
FNDA:3,(anonymous_11)
DA:6,6
DA:7,6
DA:8,6
DA:10,6
DA:11,6
DA:25,6
DA:27,268
DA:28,268
DA:29,268
DA:30,268
DA:31,268
DA:32,268
DA:34,268
DA:35,386
DA:36,386
DA:37,19
DA:38,19
DA:39,367
DA:40,92
DA:42,275
DA:43,275
DA:45,268
DA:59,6
DA:62,271
DA:63,271
DA:64,271
DA:65,271
DA:66,271
DA:67,271
DA:69,271
DA:70,427
DA:71,427
DA:72,57
DA:73,57
DA:74,370
DA:75,41
DA:77,329
DA:78,329
DA:80,271
DA:93,6
DA:94,11
DA:96,11
DA:97,11
DA:98,11
DA:99,11
DA:100,11
DA:103,0
DA:104,0
DA:106,0
DA:114,0
DA:127,6
DA:128,31
DA:130,31
DA:131,19
DA:132,12
DA:133,0
DA:134,12
DA:135,12
DA:137,0
DA:139,19
DA:141,19
DA:143,19
DA:144,8
DA:145,11
DA:146,11
DA:148,19
DA:149,19
DA:150,19
DA:154,19
DA:155,11
DA:157,19
DA:160,19
DA:161,57
DA:163,19
DA:166,0
DA:167,0
DA:168,0
DA:172,0
DA:173,0
DA:176,19
DA:188,6
DA:190,37
DA:192,37
DA:193,0
DA:195,37
DA:196,37
DA:197,37
DA:198,37
DA:201,37
DA:202,37
DA:203,37
DA:204,37
DA:206,37
DA:207,7
DA:208,7
DA:209,7
DA:210,7
DA:213,37
DA:214,94
DA:218,37
DA:226,6
DA:227,0
DA:244,6
DA:245,17
DA:246,17
DA:248,17
DA:249,0
DA:250,0
DA:251,0
DA:252,0
DA:254,0
DA:256,0
DA:257,17
DA:258,17
DA:260,0
DA:263,17
DA:277,6
DA:278,234
DA:279,0
DA:280,0
DA:282,0
DA:284,234
DA:285,234
DA:287,234
DA:288,0
DA:289,0
DA:290,0
DA:292,234
DA:293,234
DA:294,3
DA:295,1
DA:296,1
DA:297,233
DA:298,0
DA:299,233
DA:301,20
DA:302,20
DA:303,0
DA:305,20
DA:307,20
DA:308,2
DA:310,18
DA:312,18
DA:313,0
DA:315,18
DA:316,213
DA:317,0
DA:319,213
LF:148
LH:118
BRDA:36,0,0,19
BRDA:36,0,1,367
BRDA:37,1,0,19
BRDA:37,1,1,11
BRDA:39,2,0,92
BRDA:39,2,1,275
BRDA:43,3,0,0
BRDA:43,3,1,275
BRDA:71,4,0,57
BRDA:71,4,1,370
BRDA:72,5,0,57
BRDA:72,5,1,57
BRDA:74,6,0,41
BRDA:74,6,1,329
BRDA:78,7,0,1
BRDA:78,7,1,328
BRDA:96,8,0,11
BRDA:96,8,1,0
BRDA:103,9,0,0
BRDA:103,9,1,0
BRDA:130,10,0,19
BRDA:130,10,1,12
BRDA:132,11,0,0
BRDA:132,11,1,12
BRDA:134,12,0,12
BRDA:134,12,1,0
BRDA:143,13,0,8
BRDA:143,13,1,11
BRDA:145,14,0,11
BRDA:145,14,1,0
BRDA:154,15,0,11
BRDA:154,15,1,8
BRDA:158,16,0,11
BRDA:158,16,1,19
BRDA:158,16,2,0
BRDA:158,16,3,0
BRDA:158,16,4,0
BRDA:167,17,0,0
BRDA:167,17,1,0
BRDA:192,18,0,0
BRDA:192,18,1,37
BRDA:192,19,0,37
BRDA:192,19,1,37
BRDA:195,20,0,37
BRDA:195,20,1,0
BRDA:206,21,0,7
BRDA:206,21,1,30
BRDA:208,22,0,7
BRDA:208,22,1,0
BRDA:208,23,0,7
BRDA:208,23,1,7
BRDA:213,24,0,37
BRDA:213,24,1,0
BRDA:248,25,0,0
BRDA:248,25,1,17
BRDA:249,26,0,0
BRDA:249,26,1,0
BRDA:251,27,0,0
BRDA:251,27,1,0
BRDA:257,28,0,17
BRDA:257,28,1,0
BRDA:278,29,0,0
BRDA:278,29,1,234
BRDA:279,30,0,0
BRDA:279,30,1,0
BRDA:287,31,0,0
BRDA:287,31,1,234
BRDA:293,32,0,1
BRDA:293,32,1,233
BRDA:297,33,0,0
BRDA:297,33,1,233
BRDA:297,34,0,233
BRDA:297,34,1,233
BRDA:297,34,2,233
BRDA:299,35,0,20
BRDA:299,35,1,213
BRDA:302,36,0,0
BRDA:302,36,1,20
BRDA:307,37,0,2
BRDA:307,37,1,18
BRDA:316,38,0,0
BRDA:316,38,1,213
BRF:82
BRH:53
end_of_record